# JRE version: OpenJDK Runtime Environment (8.0_232-b09) (build 1.8.0_232-8u232-b09-0ubuntu1~19.04.1-b09)
# Java VM: OpenJDK 64-Bit Server VM (25.232-b09 mixed mode linux-amd64 compressed oops)
Heap:
 PSYoungGen      total 225792K, used 2963K [0x00000000eb980000, 0x00000000fa880000, 0x0000000100000000)
  eden space 208896K, 0% used [0x00000000eb980000,0x00000000eb980000,0x00000000f8580000)
  from space 16896K, 17% used [0x00000000f8580000,0x00000000f8864d48,0x00000000f9600000)
  to   space 13824K, 0% used [0x00000000f9600000,0x00000000f9600000,0x00000000fa380000)
 ParOldGen       total 50688K, used 28443K [0x00000000c2c00000, 0x00000000c5d80000, 0x00000000eb980000)
  object space 50688K, 56% used [0x00000000c2c00000,0x00000000c47c6c38,0x00000000c5d80000)
 Metaspace       used 55723K, capacity 59016K, committed 59136K, reserved 1099776K
  class space    used 7635K, capacity 8187K, committed 8192K, reserved 1048576K
GC Heap History (10 events):
Event: 2.607 GC heap after
Heap after GC invocations=8 (full 1):
 PSYoungGen      total 132608K, used 8189K [0x00000000eb980000, 0x00000000f6d00000, 0x0000000100000000)
  eden space 124416K, 0% used [0x00000000eb980000,0x00000000eb980000,0x00000000f3300000)
  from space 8192K, 99% used [0x00000000f3300000,0x00000000f3aff440,0x00000000f3b00000)
  to   space 10240K, 0% used [0x00000000f6300000,0x00000000f6300000,0x00000000f6d00000)
 ParOldGen       total 36864K, used 10465K [0x00000000c2c00000, 0x00000000c5000000, 0x00000000eb980000)
  object space 36864K, 28% used [0x00000000c2c00000,0x00000000c36387d8,0x00000000c5000000)
 Metaspace       used 29915K, capacity 31660K, committed 31744K, reserved 1077248K
  class space    used 3922K, capacity 4269K, committed 4352K, reserved 1048576K
}
Event: 3.125 GC heap before
{Heap before GC invocations=9 (full 1):
 PSYoungGen      total 132608K, used 76317K [0x00000000eb980000, 0x00000000f6d00000, 0x0000000100000000)
  eden space 124416K, 54% used [0x00000000eb980000,0x00000000efc083a8,0x00000000f3300000)
  from space 8192K, 99% used [0x00000000f3300000,0x00000000f3aff440,0x00000000f3b00000)
  to   space 10240K, 0% used [0x00000000f6300000,0x00000000f6300000,0x00000000f6d00000)
 ParOldGen       total 36864K, used 10465K [0x00000000c2c00000, 0x00000000c5000000, 0x00000000eb980000)
  object space 36864K, 28% used [0x00000000c2c00000,0x00000000c36387d8,0x00000000c5000000)
 Metaspace       used 33528K, capacity 35430K, committed 35496K, reserved 1079296K
  class space    used 4449K, capacity 4832K, committed 4864K, reserved 1048576K
Event: 3.134 GC heap after
Heap after GC invocations=9 (full 1):
 PSYoungGen      total 173056K, used 8461K [0x00000000eb980000, 0x00000000f8b00000, 0x0000000100000000)
  eden space 162816K, 0% used [0x00000000eb980000,0x00000000eb980000,0x00000000f5880000)
  from space 10240K, 82% used [0x00000000f6300000,0x00000000f6b437c0,0x00000000f6d00000)
  to   space 10752K, 0% used [0x00000000f5880000,0x00000000f5880000,0x00000000f6300000)
 ParOldGen       total 36864K, used 10473K [0x00000000c2c00000, 0x00000000c5000000, 0x00000000eb980000)
  object space 36864K, 28% used [0x00000000c2c00000,0x00000000c363a7d8,0x00000000c5000000)
 Metaspace       used 33528K, capacity 35430K, committed 35496K, reserved 1079296K
  class space    used 4449K, capacity 4832K, committed 4864K, reserved 1048576K
}
Event: 3.134 GC heap before
{Heap before GC invocations=10 (full 2):
 PSYoungGen      total 173056K, used 8461K [0x00000000eb980000, 0x00000000f8b00000, 0x0000000100000000)
  eden space 162816K, 0% used [0x00000000eb980000,0x00000000eb980000,0x00000000f5880000)
  from space 10240K, 82% used [0x00000000f6300000,0x00000000f6b437c0,0x00000000f6d00000)
  to   space 10752K, 0% used [0x00000000f5880000,0x00000000f5880000,0x00000000f6300000)
 ParOldGen       total 36864K, used 10473K [0x00000000c2c00000, 0x00000000c5000000, 0x00000000eb980000)
  object space 36864K, 28% used [0x00000000c2c00000,0x00000000c363a7d8,0x00000000c5000000)
 Metaspace       used 33528K, capacity 35430K, committed 35496K, reserved 1079296K
  class space    used 4449K, capacity 4832K, committed 4864K, reserved 1048576K
Event: 3.183 GC heap after
Heap after GC invocations=10 (full 2):
 PSYoungGen      total 173056K, used 0K [0x00000000eb980000, 0x00000000f8b00000, 0x0000000100000000)
  eden space 162816K, 0% used [0x00000000eb980000,0x00000000eb980000,0x00000000f5880000)
  from space 10240K, 0% used [0x00000000f6300000,0x00000000f6300000,0x00000000f6d00000)
  to   space 10752K, 0% used [0x00000000f5880000,0x00000000f5880000,0x00000000f6300000)
 ParOldGen       total 50688K, used 12877K [0x00000000c2c00000, 0x00000000c5d80000, 0x00000000eb980000)
  object space 50688K, 25% used [0x00000000c2c00000,0x00000000c3893478,0x00000000c5d80000)
 Metaspace       used 33528K, capacity 35430K, committed 35496K, reserved 1079296K
  class space    used 4449K, capacity 4832K, committed 4864K, reserved 1048576K
}
Event: 4.542 GC heap before
{Heap before GC invocations=11 (full 2):
 PSYoungGen      total 173056K, used 162816K [0x00000000eb980000, 0x00000000f8b00000, 0x0000000100000000)
  eden space 162816K, 100% used [0x00000000eb980000,0x00000000f5880000,0x00000000f5880000)
  from space 10240K, 0% used [0x00000000f6300000,0x00000000f6300000,0x00000000f6d00000)
  to   space 10752K, 0% used [0x00000000f5880000,0x00000000f5880000,0x00000000f6300000)
 ParOldGen       total 50688K, used 12877K [0x00000000c2c00000, 0x00000000c5d80000, 0x00000000eb980000)
  object space 50688K, 25% used [0x00000000c2c00000,0x00000000c3893478,0x00000000c5d80000)
 Metaspace       used 46886K, capacity 48986K, committed 49280K, reserved 1091584K
  class space    used 6373K, capacity 6770K, committed 6784K, reserved 1048576K
Event: 4.567 GC heap after
Heap after GC invocations=11 (full 2):
 PSYoungGen      total 173568K, used 10739K [0x00000000eb980000, 0x00000000fa380000, 0x0000000100000000)
  eden space 162816K, 0% used [0x00000000eb980000,0x00000000eb980000,0x00000000f5880000)
  from space 10752K, 99% used [0x00000000f5880000,0x00000000f62fcdf0,0x00000000f6300000)
  to   space 13824K, 0% used [0x00000000f9600000,0x00000000f9600000,0x00000000fa380000)
 ParOldGen       total 50688K, used 16877K [0x00000000c2c00000, 0x00000000c5d80000, 0x00000000eb980000)
  object space 50688K, 33% used [0x00000000c2c00000,0x00000000c3c7b678,0x00000000c5d80000)
 Metaspace       used 46886K, capacity 48986K, committed 49280K, reserved 1091584K
  class space    used 6373K, capacity 6770K, committed 6784K, reserved 1048576K
}
Event: 5.851 GC heap before
{Heap before GC invocations=12 (full 2):
 PSYoungGen      total 173568K, used 173555K [0x00000000eb980000, 0x00000000fa380000, 0x0000000100000000)
  eden space 162816K, 100% used [0x00000000eb980000,0x00000000f5880000,0x00000000f5880000)
  from space 10752K, 99% used [0x00000000f5880000,0x00000000f62fcdf0,0x00000000f6300000)
  to   space 13824K, 0% used [0x00000000f9600000,0x00000000f9600000,0x00000000fa380000)
 ParOldGen       total 50688K, used 16877K [0x00000000c2c00000, 0x00000000c5d80000, 0x00000000eb980000)
  object space 50688K, 33% used [0x00000000c2c00000,0x00000000c3c7b678,0x00000000c5d80000)
 Metaspace       used 54321K, capacity 57456K, committed 57728K, reserved 1099776K
  class space    used 7442K, capacity 7993K, committed 8064K, reserved 1048576K
Event: 5.877 GC heap after
Heap after GC invocations=12 (full 2):
 PSYoungGen      total 222720K, used 13821K [0x00000000eb980000, 0x00000000fa880000, 0x0000000100000000)
  eden space 208896K, 0% used [0x00000000eb980000,0x00000000eb980000,0x00000000f8580000)
  from space 13824K, 99% used [0x00000000f9600000,0x00000000fa37f678,0x00000000fa380000)
  to   space 16896K, 0% used [0x00000000f8580000,0x00000000f8580000,0x00000000f9600000)
 ParOldGen       total 50688K, used 19133K [0x00000000c2c00000, 0x00000000c5d80000, 0x00000000eb980000)
  object space 50688K, 37% used [0x00000000c2c00000,0x00000000c3eaf508,0x00000000c5d80000)
 Metaspace       used 54321K, capacity 57456K, committed 57728K, reserved 1099776K
  class space    used 7442K, capacity 7993K, committed 8064K, reserved 1048576K
}
Event: 7.491 GC heap before
{Heap before GC invocations=13 (full 2):
 PSYoungGen      total 222720K, used 95217K [0x00000000eb980000, 0x00000000fa880000, 0x0000000100000000)
  eden space 208896K, 38% used [0x00000000eb980000,0x00000000f08fcd88,0x00000000f8580000)
  from space 13824K, 99% used [0x00000000f9600000,0x00000000fa37f678,0x00000000fa380000)
  to   space 16896K, 0% used [0x00000000f8580000,0x00000000f8580000,0x00000000f9600000)
 ParOldGen       total 50688K, used 19133K [0x00000000c2c00000, 0x00000000c5d80000, 0x00000000eb980000)
  object space 50688K, 37% used [0x00000000c2c00000,0x00000000c3eaf508,0x00000000c5d80000)
 Metaspace       used 55723K, capacity 59016K, committed 59136K, reserved 1099776K
  class space    used 7635K, capacity 8187K, committed 8192K, reserved 1048576K

