# JRE version: OpenJDK Runtime Environment (8.0_232-b09) (build 1.8.0_232-8u232-b09-0ubuntu1~19.04.1-b09)
# Java VM: OpenJDK 64-Bit Server VM (25.232-b09 mixed mode linux-amd64 compressed oops)
Heap:
 PSYoungGen      total 264704K, used 0K [0x00000000eb980000, 0x0000000100000000, 0x0000000100000000)
  eden space 195072K, 0% used [0x00000000eb980000,0x00000000eb980000,0x00000000f7800000)
  from space 69632K, 0% used [0x00000000f7800000,0x00000000f7800000,0x00000000fbc00000)
  to   space 68096K, 0% used [0x00000000fbd80000,0x00000000fbd80000,0x0000000100000000)
 ParOldGen       total 140800K, used 138956K [0x00000000c2c00000, 0x00000000cb580000, 0x00000000eb980000)
  object space 140800K, 98% used [0x00000000c2c00000,0x00000000cb3b3370,0x00000000cb580000)
 Metaspace       used 50213K, capacity 51954K, committed 52136K, reserved 1095680K
  class space    used 5953K, capacity 6562K, committed 6576K, reserved 1048576K
GC Heap History (10 events):
Event: 211.581 GC heap after
Heap after GC invocations=20 (full 3):
 PSYoungGen      total 279552K, used 37034K [0x00000000eb980000, 0x0000000100000000, 0x0000000100000000)
  eden space 242176K, 0% used [0x00000000eb980000,0x00000000eb980000,0x00000000fa600000)
  from space 37376K, 99% used [0x00000000fa600000,0x00000000fca2a890,0x00000000fca80000)
  to   space 50176K, 0% used [0x00000000fcf00000,0x00000000fcf00000,0x0000000100000000)
 ParOldGen       total 140800K, used 83604K [0x00000000c2c00000, 0x00000000cb580000, 0x00000000eb980000)
  object space 140800K, 59% used [0x00000000c2c00000,0x00000000c7da53c0,0x00000000cb580000)
 Metaspace       used 50202K, capacity 51954K, committed 52136K, reserved 1095680K
  class space    used 5953K, capacity 6562K, committed 6576K, reserved 1048576K
}
Event: 212.172 GC heap before
{Heap before GC invocations=21 (full 3):
 PSYoungGen      total 279552K, used 279210K [0x00000000eb980000, 0x0000000100000000, 0x0000000100000000)
  eden space 242176K, 100% used [0x00000000eb980000,0x00000000fa600000,0x00000000fa600000)
  from space 37376K, 99% used [0x00000000fa600000,0x00000000fca2a890,0x00000000fca80000)
  to   space 50176K, 0% used [0x00000000fcf00000,0x00000000fcf00000,0x0000000100000000)
 ParOldGen       total 140800K, used 83604K [0x00000000c2c00000, 0x00000000cb580000, 0x00000000eb980000)
  object space 140800K, 59% used [0x00000000c2c00000,0x00000000c7da53c0,0x00000000cb580000)
 Metaspace       used 50207K, capacity 51954K, committed 52136K, reserved 1095680K
  class space    used 5953K, capacity 6562K, committed 6576K, reserved 1048576K
Event: 212.193 GC heap after
Heap after GC invocations=21 (full 3):
 PSYoungGen      total 266752K, used 50168K [0x00000000eb980000, 0x0000000100000000, 0x0000000100000000)
  eden space 216576K, 0% used [0x00000000eb980000,0x00000000eb980000,0x00000000f8d00000)
  from space 50176K, 99% used [0x00000000fcf00000,0x00000000ffffe0b0,0x0000000100000000)
  to   space 58880K, 0% used [0x00000000f8d00000,0x00000000f8d00000,0x00000000fc680000)
 ParOldGen       total 140800K, used 84921K [0x00000000c2c00000, 0x00000000cb580000, 0x00000000eb980000)
  object space 140800K, 60% used [0x00000000c2c00000,0x00000000c7eee5f0,0x00000000cb580000)
 Metaspace       used 50207K, capacity 51954K, committed 52136K, reserved 1095680K
  class space    used 5953K, capacity 6562K, committed 6576K, reserved 1048576K
}
Event: 212.664 GC heap before
{Heap before GC invocations=22 (full 3):
 PSYoungGen      total 266752K, used 266744K [0x00000000eb980000, 0x0000000100000000, 0x0000000100000000)
  eden space 216576K, 100% used [0x00000000eb980000,0x00000000f8d00000,0x00000000f8d00000)
  from space 50176K, 99% used [0x00000000fcf00000,0x00000000ffffe0b0,0x0000000100000000)
  to   space 58880K, 0% used [0x00000000f8d00000,0x00000000f8d00000,0x00000000fc680000)
 ParOldGen       total 140800K, used 84921K [0x00000000c2c00000, 0x00000000cb580000, 0x00000000eb980000)
  object space 140800K, 60% used [0x00000000c2c00000,0x00000000c7eee5f0,0x00000000cb580000)
 Metaspace       used 50208K, capacity 51954K, committed 52136K, reserved 1095680K
  class space    used 5953K, capacity 6562K, committed 6576K, reserved 1048576K
Event: 212.687 GC heap after
Heap after GC invocations=22 (full 3):
 PSYoungGen      total 267776K, used 51084K [0x00000000eb980000, 0x0000000100000000, 0x0000000100000000)
  eden space 216576K, 0% used [0x00000000eb980000,0x00000000eb980000,0x00000000f8d00000)
  from space 51200K, 99% used [0x00000000f8d00000,0x00000000fbee3060,0x00000000fbf00000)
  to   space 65536K, 0% used [0x00000000fc000000,0x00000000fc000000,0x0000000100000000)
 ParOldGen       total 140800K, used 88668K [0x00000000c2c00000, 0x00000000cb580000, 0x00000000eb980000)
  object space 140800K, 62% used [0x00000000c2c00000,0x00000000c8297190,0x00000000cb580000)
 Metaspace       used 50208K, capacity 51954K, committed 52136K, reserved 1095680K
  class space    used 5953K, capacity 6562K, committed 6576K, reserved 1048576K
}
Event: 213.315 GC heap before
{Heap before GC invocations=23 (full 3):
 PSYoungGen      total 267776K, used 267660K [0x00000000eb980000, 0x0000000100000000, 0x0000000100000000)
  eden space 216576K, 100% used [0x00000000eb980000,0x00000000f8d00000,0x00000000f8d00000)
  from space 51200K, 99% used [0x00000000f8d00000,0x00000000fbee3060,0x00000000fbf00000)
  to   space 65536K, 0% used [0x00000000fc000000,0x00000000fc000000,0x0000000100000000)
 ParOldGen       total 140800K, used 88668K [0x00000000c2c00000, 0x00000000cb580000, 0x00000000eb980000)
  object space 140800K, 62% used [0x00000000c2c00000,0x00000000c8297190,0x00000000cb580000)
 Metaspace       used 50209K, capacity 51954K, committed 52136K, reserved 1095680K
  class space    used 5953K, capacity 6562K, committed 6576K, reserved 1048576K
Event: 213.353 GC heap after
Heap after GC invocations=23 (full 3):
 PSYoungGen      total 260608K, used 48332K [0x00000000eb980000, 0x0000000100000000, 0x0000000100000000)
  eden space 195072K, 0% used [0x00000000eb980000,0x00000000eb980000,0x00000000f7800000)
  from space 65536K, 73% used [0x00000000fc000000,0x00000000fef33288,0x0000000100000000)
  to   space 69632K, 0% used [0x00000000f7800000,0x00000000f7800000,0x00000000fbc00000)
 ParOldGen       total 140800K, used 104827K [0x00000000c2c00000, 0x00000000cb580000, 0x00000000eb980000)
  object space 140800K, 74% used [0x00000000c2c00000,0x00000000c925ed90,0x00000000cb580000)
 Metaspace       used 50209K, capacity 51954K, committed 52136K, reserved 1095680K
  class space    used 5953K, capacity 6562K, committed 6576K, reserved 1048576K
}
Event: 213.862 GC heap before
{Heap before GC invocations=24 (full 3):
 PSYoungGen      total 260608K, used 243404K [0x00000000eb980000, 0x0000000100000000, 0x0000000100000000)
  eden space 195072K, 100% used [0x00000000eb980000,0x00000000f7800000,0x00000000f7800000)
  from space 65536K, 73% used [0x00000000fc000000,0x00000000fef33288,0x0000000100000000)
  to   space 69632K, 0% used [0x00000000f7800000,0x00000000f7800000,0x00000000fbc00000)
 ParOldGen       total 140800K, used 104827K [0x00000000c2c00000, 0x00000000cb580000, 0x00000000eb980000)
  object space 140800K, 74% used [0x00000000c2c00000,0x00000000c925ed90,0x00000000cb580000)
 Metaspace       used 50213K, capacity 51954K, committed 52136K, reserved 1095680K
  class space    used 5953K, capacity 6562K, committed 6576K, reserved 1048576K
Event: 213.894 GC heap after
Heap after GC invocations=24 (full 3):
 PSYoungGen      total 264704K, used 35356K [0x00000000eb980000, 0x0000000100000000, 0x0000000100000000)
  eden space 195072K, 0% used [0x00000000eb980000,0x00000000eb980000,0x00000000f7800000)
  from space 69632K, 50% used [0x00000000f7800000,0x00000000f9a87368,0x00000000fbc00000)
  to   space 68096K, 0% used [0x00000000fbd80000,0x00000000fbd80000,0x0000000100000000)
 ParOldGen       total 140800K, used 126954K [0x00000000c2c00000, 0x00000000cb580000, 0x00000000eb980000)
  object space 140800K, 90% used [0x00000000c2c00000,0x00000000ca7faa68,0x00000000cb580000)
 Metaspace       used 50213K, capacity 51954K, committed 52136K, reserved 1095680K
  class space    used 5953K, capacity 6562K, committed 6576K, reserved 1048576K
}
Event: 213.896 GC heap before
{Heap before GC invocations=25 (full 4):
 PSYoungGen      total 264704K, used 35356K [0x00000000eb980000, 0x0000000100000000, 0x0000000100000000)
  eden space 195072K, 0% used [0x00000000eb980000,0x00000000eb980000,0x00000000f7800000)
  from space 69632K, 50% used [0x00000000f7800000,0x00000000f9a87368,0x00000000fbc00000)
  to   space 68096K, 0% used [0x00000000fbd80000,0x00000000fbd80000,0x0000000100000000)
 ParOldGen       total 140800K, used 126954K [0x00000000c2c00000, 0x00000000cb580000, 0x00000000eb980000)
  object space 140800K, 90% used [0x00000000c2c00000,0x00000000ca7faa68,0x00000000cb580000)
 Metaspace       used 50213K, capacity 51954K, committed 52136K, reserved 1095680K
  class space    used 5953K, capacity 6562K, committed 6576K, reserved 1048576K

